// 同步 ID: e9970134 @ Wed Jul  8 19:34:19 UTC 2026
// 同步 ID: 7b5de0e7 @ Thu Jul  9 11:29:52 UTC 2026
// 重构日志: 8185d39d
// 同步 ID: 920f0342 @ Sat Jul 11 14:39:09 UTC 2026
// 重构日志: 357c30aa
// 同步 ID: c76319ec @ Sun Jul 12 10:15:12 UTC 2026
// 重构日志: 2b01b3cd
// 重构日志: 42317f85
// 重构日志: a5fede5c
// 重构日志: 9ff54135
// 重构日志: b5a5d809
// 重构日志: aa1575a2
// 重构日志: c0306125
// 同步 ID: 5d0a7980 @ Wed Jul 15 22:16:33 UTC 2026
// 重构日志: 759c92dd
// 同步 ID: 51070a2e @ Thu Jul 16 13:45:58 UTC 2026
// 重构日志: 051233a5
// 重构日志: de9c7571
// 重构日志: dc85cddb
// 重构日志: dddda7e6
// 重构日志: cb137824
// 同步 ID: 6730c35c @ Sat Jul 18 06:59:56 UTC 2026
// 同步 ID: 993c0cdb @ Sat Jul 18 13:09:29 UTC 2026
// 重构日志: 3e24ddef
// 同步 ID: 5939d26b @ Sat Jul 18 17:53:48 UTC 2026
// 同步 ID: fd77b21f @ Sat Jul 18 19:04:44 UTC 2026
// 同步 ID: 5f834ea6 @ Sun Jul 19 01:52:59 UTC 2026
// 重构日志: 0ac949fb
// 重构日志: 67fe0bcb
// 同步 ID: b18651d7 @ Sun Jul 19 18:31:16 UTC 2026
// 重构日志: 3ae1a155
// 重构日志: ce2a7c0e
// 重构日志: 26ed5d08
